f:\vortex_debris_model\vortex_debris_api\x64\release\vc143.pdb
f:\vortex_debris_model\vortex_debris_api\x64\release\api_interface.obj
f:\vortex_debris_model\vortex_debris_api\x64\release\vortexdebrismodel.obj
f:\vortex_debris_model\vortex_debris_api\x64\release\debrisparams.obj
f:\vortex_debris_model\vortex_debris_api\x64\release\debrisflightparams.obj
f:\vortex_debris_model\vortex_debris_api\x64\release\vortex_debris_api.pch
f:\vortex_debris_model\vortex_debris_api\x64\release\pch.obj
f:\vortex_debris_model\vortex_debris_api\x64\release\randomparametergenerator.obj
f:\vortex_debris_model\vortex_debris_api\x64\release\dllmain.obj
f:\vortex_debris_model\vortex_debris_api\x64\release\bakersterlingdebrismodel.obj
f:\vortex_debris_model\vortex_debris_api\x64\release\vortex_debris_api.lib
f:\vortex_debris_model\vortex_debris_api\x64\release\vortex_debris_api.exp
f:\vortex_debris_model\vortex_debris_api\x64\release\vortex_debris_api.ipdb
f:\vortex_debris_model\vortex_debris_api\x64\release\vortex_debris_api.iobj
f:\vortex_debris_model\vortex_debris_api\x64\release\vortex_debris_api.dll
f:\vortex_debris_model\vortex_debris_api\x64\release\vortex_debris_api.pdb
f:\vortex_debris_model\vortex_debris_api\x64\release\vortex_d.42de3cf9.tlog\cl.command.1.tlog
f:\vortex_debris_model\vortex_debris_api\x64\release\vortex_d.42de3cf9.tlog\cl.read.1.tlog
f:\vortex_debris_model\vortex_debris_api\x64\release\vortex_d.42de3cf9.tlog\cl.write.1.tlog
f:\vortex_debris_model\vortex_debris_api\x64\release\vortex_d.42de3cf9.tlog\link.command.1.tlog
f:\vortex_debris_model\vortex_debris_api\x64\release\vortex_d.42de3cf9.tlog\link.read.1.tlog
f:\vortex_debris_model\vortex_debris_api\x64\release\vortex_d.42de3cf9.tlog\link.write.1.tlog
f:\vortex_debris_model\vortex_debris_api\x64\release\vortex_d.42de3cf9.tlog\link.write.2u.tlog
